Turbo Assembler	 Version 4.1	    04/09/17 18:29:31	    Page 1
HWK6#4.asm



      1	0000			     .MODEL MEDIUM
      2	0000			     .STACK 100H
      3	0000			     .DATA
      4
      5	0000  64*(??)		     x db 100 dup (?)
      6	0064  64*(??)		     y db 100 dup (?)
      7
      8	00C8			     .CODE
      9
     10				     .STARTUP
1    11	0000			     @Startup:
1    12	0000  BA 0000s			     MOV     DX,@data
1    13	0003  8E DA			     MOV     DS,DX
1    14	0005  8C D3			     MOV     BX,SS
1    15	0007  2B DA			     SUB     BX,DX
1    16	0009  D1 E3 D1 E3 D1 E3	D1+	     SHL     BX,4
     17	      E3
1    18	0011  FA			     CLI
1    19	0012  8E D2			     MOV     SS,DX
1    20	0014  03 E3			     ADD     SP,BX
1    21	0016  FB			     STI
     22
     23	0017			     MAIN PROC FAR
     24
     25	0017  B9 0064		     mov cx, 100
     26
     27	001A  BE 0000r		     lea si, x
     28
     29	001D  BF 0064r		     lea di, y
     30
     31	0020  8A 04		     begin: mov	al, [si]
     32
     33	0022  3C 00		     cmp al, 0
     34
     35				     ;jg l1 ;if	doesn't	work comment out this line
     36
     37				     ; or if doesn't work uncomment lines below
     38
     39	0024  A8 80		     test al, 80h
     40
     41	0026  74 02		     jz	l1
     42
     43	0028  F6 D8		     neg al
     44
     45	002A  88 05		     l1: mov [di], al
     46
     47	002C  46		     inc si
     48
     49	002D  47		     inc di
     50
     51	002E  E2 F0		     loop begin
     52
     53				     .EXIT
1    54	0030  B4 4C			     MOV     AH,4Ch
1    55	0032  CD 21			     INT     21h
     56
     57	0034			     MAIN ENDP
Turbo Assembler	 Version 4.1	    04/09/17 18:29:31	    Page 2
HWK6#4.asm



     58
     59
     60
     61				     END
Turbo Assembler	 Version 4.1	    04/09/17 18:29:31	    Page 3
Symbol Table




Symbol Name			  Type	 Value

??DATE				  Text	 "04/09/17"
??FILENAME			  Text	 "HWK6#4  "
??TIME				  Text	 "18:29:31"
??VERSION			  Number 040A
@32BIT				  Text	 0
@CODE				  Text	 HWK6#4_TEXT
@CODESIZE			  Text	 1
@CPU				  Text	 0101H
@CURSEG				  Text	 HWK6#4_TEXT
@DATA				  Text	 DGROUP
@DATASIZE			  Text	 0
@FILENAME			  Text	 HWK6#4
@INTERFACE			  Text	 000H
@MODEL				  Text	 4
@STACK				  Text	 DGROUP
@STARTUP			  Near	 HWK6#4_TEXT:0000
@WORDSIZE			  Text	 2
BEGIN				  Near	 HWK6#4_TEXT:0020
L1				  Near	 HWK6#4_TEXT:002A
MAIN				  Far	 HWK6#4_TEXT:0017
X				  Byte	 DGROUP:0000
Y				  Byte	 DGROUP:0064

Groups & Segments		  Bit Size Align  Combine Class

DGROUP				  Group
  STACK				  16  0100 Para	  Stack	  STACK
  _DATA				  16  00C8 Word	  Public  DATA
HWK6#4_TEXT			  16  0034 Word	  Public  CODE
