Turbo Assembler	 Version 4.1	    02/18/17 17:25:39	    Page 1
lab2p7.asm



      1	0000			     .MODEL MEDIUM
      2	0000			     .STACK 100H
      3	0000			     .DATA
      4	0000  23		     NUM1      DB 23H
      5	0001  23		     NUM2      DB 35
      6	0002  4545		     NUM3      DW 4545H
      7	0004  48 45 4C 4C 4F 20	57+  MESSAGE   DB 'HELLO WORLD!','$', 0DH, 0AH
      8	      4F 52 4C 44 21 24	0D+
      9	      0A
     10	0013			     .CODE
     11				     .STARTUP
1    12	0000			     @Startup:
1    13	0000  BA 0000s			     MOV     DX,@data
1    14	0003  8E DA			     MOV     DS,DX
1    15	0005  8C D3			     MOV     BX,SS
1    16	0007  2B DA			     SUB     BX,DX
1    17	0009  D1 E3 D1 E3 D1 E3	D1+	     SHL     BX,4
     18	      E3
1    19	0011  FA			     CLI
1    20	0012  8E D2			     MOV     SS,DX
1    21	0014  03 E3			     ADD     SP,BX
1    22	0016  FB			     STI
     23	0017			     MAIN  PROC	FAR
     24	0017  B8 0000s			     MOV   AX,@data
     25	001A  8E D8			     MOV DS,AX
     26	001C  B8 0000			     MOV AX,0000H
     27	001F  A0 0000r			     MOV AL,NUM1
     28	0022  8A 26 0001r		     MOV AH,NUM2
     29	0026  A1 0002r			     MOV AX,NUM3
     30	0029  B8 0002r			     MOV AX,offset NUM3
     31	002C  BB 0000			     MOV BX,0000H
     32	002F  B9 0000			     MOV CX,0000H
     33	0032  BA 0000			     MOV DX,0000H
     34	0035  BE 0004r			     MOV SI,offset MESSAGE
     35	0038  8B DE			     MOV BX,SI
     36	003A  8B 1C			     MOV BX,[SI]
     37	003C  8A 0C			     MOV CL,[SI]
     38	003E  8A 4C 01			     MOV CL,[SI+1]
     39	0041  8A 14			     MOV DL,[SI]
     40	0043  8B 14			     MOV DX,[SI]
     41					     .EXIT
1    42	0045  B4 4C			     MOV     AH,4Ch
1    43	0047  CD 21			     INT     21h
     44	0049			     MAIN    ENDP
     45					     END
Turbo Assembler	 Version 4.1	    02/18/17 17:25:39	    Page 2
Symbol Table




Symbol Name			  Type	 Value

??DATE				  Text	 "02/18/17"
??FILENAME			  Text	 "lab2p7  "
??TIME				  Text	 "17:25:39"
??VERSION			  Number 040A
@32BIT				  Text	 0
@CODE				  Text	 LAB2P7_TEXT
@CODESIZE			  Text	 1
@CPU				  Text	 0101H
@CURSEG				  Text	 LAB2P7_TEXT
@DATA				  Text	 DGROUP
@DATASIZE			  Text	 0
@FILENAME			  Text	 LAB2P7
@INTERFACE			  Text	 000H
@MODEL				  Text	 4
@STACK				  Text	 DGROUP
@STARTUP			  Near	 LAB2P7_TEXT:0000
@WORDSIZE			  Text	 2
MAIN				  Far	 LAB2P7_TEXT:0017
MESSAGE				  Byte	 DGROUP:0004
NUM1				  Byte	 DGROUP:0000
NUM2				  Byte	 DGROUP:0001
NUM3				  Word	 DGROUP:0002

Groups & Segments		  Bit Size Align  Combine Class

DGROUP				  Group
  STACK				  16  0100 Para	  Stack	  STACK
  _DATA				  16  0013 Word	  Public  DATA
LAB2P7_TEXT			  16  0049 Word	  Public  CODE
