Turbo Assembler	 Version 4.1	    02/23/17 08:03:39	    Page 1
PreLab3.asm



      1	0000			     .MODEL  SMALL
      2
      3	0000			     .STACK  266
      4
      5	0000			     .DATA
      6
      7	0000  59 6F 75 20 45 6E	74+	     Instring	  DB 'You Entered:$',0AH, 0DH
      8	      65 72 65 64 3A 24	0A+
      9	      0D
     10
     11	000F  0A 0D 24			     Break	  DB  0AH,0DH,'$'  ; new line
     12
     13	0012  64			     Buffer	  DB   100	   ; max number(100) of	chars expected
     14
     15	0013  ??			     Num	  DB   ?	   ; returns the number	of chars typed
     16
     17	0014  64*(24)			     Act_Buf	  DB   100 DUP ('$') ; actual buffer w/	size=?max number?
     18
     19
     20
     21
     22	0078			     .CODE
     23
     24					     .STARTUP
1    25	0000			     @Startup:
1    26	0000  BA 0000s			     MOV     DX,@data
1    27	0003  8E DA			     MOV     DS,DX
1    28	0005  8C D3			     MOV     BX,SS
1    29	0007  2B DA			     SUB     BX,DX
1    30	0009  D1 E3 D1 E3 D1 E3	D1+	     SHL     BX,4
     31	      E3
1    32	0011  FA			     CLI
1    33	0012  8E D2			     MOV     SS,DX
1    34	0014  03 E3			     ADD     SP,BX
1    35	0016  FB			     STI
     36
     37	0017			     MAIN    PROC FAR
     38
     39	0017  B8 0000s			     MOV  AX,@data
     40
     41	001A  8E D8			     MOV  DS,AX
     42
     43	001C  8E C0			     MOV  ES,AX
     44
     45	001E  B8 0000			     MOV  AX,0000H
     46
     47	0021  B9 0000			     MOV  CX,0000H
     48
     49
     50
     51					     ;Enter String
     52
     53	0024  B4 0A			     MOV  AH,0AH
     54
     55	0026  BA 0012r			     MOV  DX,OFFSET Buffer
     56
     57	0029  CD 21			     INT 21H
Turbo Assembler	 Version 4.1	    02/23/17 08:03:39	    Page 2
PreLab3.asm



     58
     59
     60
     61					     ; Display	new line
     62
     63	002B  BA 000Fr			     MOV DX, OFFSET Break
     64
     65	002E  B4 09			     MOV AH,09H
     66
     67	0030  CD 21			     INT 21H
     68
     69
     70
     71					     ; Display	"You Entered" string
     72
     73	0032  BA 0000r			     MOV DX, OFFSET Instring
     74
     75	0035  B4 09			     MOV AH,09H
     76
     77	0037  CD 21			     INT 21H
     78
     79
     80					     ;TODO: Display the	entered	string
     81	0039  BA 0014r			     MOV DX, OFFSET Act_Buf
     82
     83	003C  B4 09			     MOV AH, 09H
     84
     85	003E  CD 21			     INT 21H
     86
     87					     .Exit
1    88	0040  B4 4C			     MOV     AH,4Ch
1    89	0042  CD 21			     INT     21h
     90
     91	0044			     MAIN    ENDP
     92
     93				     END
Turbo Assembler	 Version 4.1	    02/23/17 08:03:39	    Page 3
Symbol Table




Symbol Name			  Type	 Value

??DATE				  Text	 "02/23/17"
??FILENAME			  Text	 "PreLab3 "
??TIME				  Text	 "08:03:39"
??VERSION			  Number 040A
@32BIT				  Text	 0
@CODE				  Text	 _TEXT
@CODESIZE			  Text	 0
@CPU				  Text	 0101H
@CURSEG				  Text	 _TEXT
@DATA				  Text	 DGROUP
@DATASIZE			  Text	 0
@FILENAME			  Text	 PRELAB3
@INTERFACE			  Text	 000H
@MODEL				  Text	 2
@STACK				  Text	 DGROUP
@STARTUP			  Near	 _TEXT:0000
@WORDSIZE			  Text	 2
ACT_BUF				  Byte	 DGROUP:0014
BREAK				  Byte	 DGROUP:000F
BUFFER				  Byte	 DGROUP:0012
INSTRING			  Byte	 DGROUP:0000
MAIN				  Far	 _TEXT:0017
NUM				  Byte	 DGROUP:0013

Groups & Segments		  Bit Size Align  Combine Class

DGROUP				  Group
  STACK				  16  010A Para	  Stack	  STACK
  _DATA				  16  0078 Word	  Public  DATA
_TEXT				  16  0044 Word	  Public  CODE
